Copyright 1986-2022 Xilinx, Inc. All Rights Reserved.
------------------------------------------------------------------------------------
| Tool Version : Vivado v.2022.1 (lin64) Build 3526262 Mon Apr 18 15:47:01 MDT 2022
| Date         : Sun Oct 30 14:59:34 2022
| Host         : dhd running 64-bit Ubuntu 20.04.3 LTS
| Command      : report_control_sets -verbose -file Main_control_sets_placed.rpt
| Design       : Main
| Device       : xc7a35t
------------------------------------------------------------------------------------

Control Set Information

Table of Contents
-----------------
1. Summary
2. Histogram
3. Flip-Flop Distribution
4. Detailed Control Set Information

1. Summary
----------

+----------------------------------------------------------+-------+
|                          Status                          | Count |
+----------------------------------------------------------+-------+
| Total control sets                                       |     5 |
|    Minimum number of control sets                        |     5 |
|    Addition due to synthesis replication                 |     0 |
|    Addition due to physical synthesis replication        |     0 |
| Unused register locations in slices containing registers |     2 |
+----------------------------------------------------------+-------+
* Control sets can be merged at opt_design using control_set_merge or merge_equivalent_drivers
** Run report_qor_suggestions for automated merging and remapping suggestions


2. Histogram
------------

+--------------------+-------+
|       Fanout       | Count |
+--------------------+-------+
| Total control sets |     5 |
| >= 0 to < 4        |     0 |
| >= 4 to < 6        |     0 |
| >= 6 to < 8        |     0 |
| >= 8 to < 10       |     1 |
| >= 10 to < 12      |     0 |
| >= 12 to < 14      |     0 |
| >= 14 to < 16      |     0 |
| >= 16              |     4 |
+--------------------+-------+
* Control sets can be remapped at either synth_design or opt_design


3. Flip-Flop Distribution
-------------------------

+--------------+-----------------------+------------------------+-----------------+--------------+
| Clock Enable | Synchronous Set/Reset | Asynchronous Set/Reset | Total Registers | Total Slices |
+--------------+-----------------------+------------------------+-----------------+--------------+
| No           | No                    | No                     |              16 |           10 |
| No           | No                    | Yes                    |               0 |            0 |
| No           | Yes                   | No                     |              40 |           14 |
| Yes          | No                    | No                     |               0 |            0 |
| Yes          | No                    | Yes                    |               0 |            0 |
| Yes          | Yes                   | No                     |              70 |           24 |
+--------------+-----------------------+------------------------+-----------------+--------------+


4. Detailed Control Set Information
-----------------------------------

+----------------+-----------------+----------------------+------------------+----------------+--------------+
|  Clock Signal  |  Enable Signal  |   Set/Reset Signal   | Slice Load Count | Bel Load Count | Bels / Slice |
+----------------+-----------------+----------------------+------------------+----------------+--------------+
|  clk_IBUF_BUFG |                 | sw/reset_watch_reg_0 |                6 |              8 |         1.33 |
|  clk_IBUF_BUFG |                 |                      |               10 |             16 |         1.60 |
|  clk_IBUF_BUFG |                 | ck/clear             |                8 |             32 |         4.00 |
|  clk_IBUF_BUFG | sw/enable_watch | sw/clear             |                8 |             32 |         4.00 |
|  clk_IBUF_BUFG | sw/count2       | sw/reset_watch_reg_0 |               16 |             38 |         2.38 |
+----------------+-----------------+----------------------+------------------+----------------+--------------+


